2021-05-03 18:42:49.740 [restartedMain] INFO  c.e.b.BoardApplication - Starting BoardApplication using Java 11.0.2 on jangdonghyeon-ui-MacBookPro.local with PID 70803 (/Users/jdh/Desktop/board/build/classes/java/main started by jdh in /Users/jdh/Desktop/board)
2021-05-03 18:42:49.742 [restartedMain] INFO  c.e.b.BoardApplication - No active profile set, falling back to default profiles: default
2021-05-03 18:42:49.742 [background-preinit] INFO  o.h.v.i.u.Version - HV000001: Hibernate Validator 6.1.7.Final
2021-05-03 18:42:49.773 [restartedMain] INFO  o.s.b.d.e.DevToolsPropertyDefaultsPostProcessor - Devtools property defaults active! Set 'spring.devtools.add-properties' to 'false' to disable
2021-05-03 18:42:49.773 [restartedMain] INFO  o.s.b.d.e.DevToolsPropertyDefaultsPostProcessor - For additional web related logging consider setting the 'logging.level.web' property to 'DEBUG'
2021-05-03 18:42:50.580 [restartedMain] INFO  o.s.b.w.e.t.TomcatWebServer - Tomcat initialized with port(s): 8080 (http)
2021-05-03 18:42:50.587 [restartedMain] INFO  o.a.c.h.Http11NioProtocol - Initializing ProtocolHandler ["http-nio-8080"]
2021-05-03 18:42:50.587 [restartedMain] INFO  o.a.c.c.StandardService - Starting service [Tomcat]
2021-05-03 18:42:50.587 [restartedMain] INFO  o.a.c.c.StandardEngine - Starting Servlet engine: [Apache Tomcat/9.0.45]
2021-05-03 18:42:50.716 [restartedMain] INFO  o.a.j.s.TldScanner - At least one JAR was scanned for TLDs yet contained no TLDs. Enable debug logging for this logger for a complete list of JARs that were scanned but no TLDs were found in them. Skipping unneeded JARs during scanning can improve startup time and JSP compilation time.
2021-05-03 18:42:50.721 [restartedMain] INFO  o.a.c.c.C.[.[.[/] - Initializing Spring embedded WebApplicationContext
2021-05-03 18:42:50.721 [restartedMain] INFO  o.s.b.w.s.c.ServletWebServerApplicationContext - Root WebApplicationContext: initialization completed in 948 ms
2021-05-03 18:42:50.953 [restartedMain] WARN  o.s.b.w.s.c.AnnotationConfigServletWebServerApplicationContext - Exception encountered during context initialization - cancelling refresh attempt: org.springframework.beans.factory.BeanCreationException: Error creating bean with name 'trigger' defined in class path resource [com/example/board/scheduler/TestJob.class]: Bean instantiation via factory method failed; nested exception is org.springframework.beans.BeanInstantiationException: Failed to instantiate [org.quartz.Trigger]: Factory method 'trigger' threw exception; nested exception is java.lang.RuntimeException: CronExpression '0 * * * * *' is invalid.
2021-05-03 18:42:50.955 [restartedMain] INFO  o.a.c.c.StandardService - Stopping service [Tomcat]
2021-05-03 18:42:50.965 [restartedMain] INFO  o.s.b.a.l.ConditionEvaluationReportLoggingListener - 

Error starting ApplicationContext. To display the conditions report re-run your application with 'debug' enabled.
2021-05-03 18:42:50.981 [restartedMain] ERROR o.s.b.SpringApplication - Application run failed
org.springframework.beans.factory.BeanCreationException: Error creating bean with name 'trigger' defined in class path resource [com/example/board/scheduler/TestJob.class]: Bean instantiation via factory method failed; nested exception is org.springframework.beans.BeanInstantiationException: Failed to instantiate [org.quartz.Trigger]: Factory method 'trigger' threw exception; nested exception is java.lang.RuntimeException: CronExpression '0 * * * * *' is invalid.
	at org.springframework.beans.factory.support.ConstructorResolver.instantiate(ConstructorResolver.java:658)
	at org.springframework.beans.factory.support.ConstructorResolver.instantiateUsingFactoryMethod(ConstructorResolver.java:638)
	at org.springframework.beans.factory.support.AbstractAutowireCapableBeanFactory.instantiateUsingFactoryMethod(AbstractAutowireCapableBeanFactory.java:1334)
	at org.springframework.beans.factory.support.AbstractAutowireCapableBeanFactory.createBeanInstance(AbstractAutowireCapableBeanFactory.java:1177)
	at org.springframework.beans.factory.support.AbstractAutowireCapableBeanFactory.doCreateBean(AbstractAutowireCapableBeanFactory.java:564)
	at org.springframework.beans.factory.support.AbstractAutowireCapableBeanFactory.createBean(AbstractAutowireCapableBeanFactory.java:524)
	at org.springframework.beans.factory.support.AbstractBeanFactory.lambda$doGetBean$0(AbstractBeanFactory.java:335)
	at org.springframework.beans.factory.support.DefaultSingletonBeanRegistry.getSingleton(DefaultSingletonBeanRegistry.java:234)
	at org.springframework.beans.factory.support.AbstractBeanFactory.doGetBean(AbstractBeanFactory.java:333)
	at org.springframework.beans.factory.support.AbstractBeanFactory.getBean(AbstractBeanFactory.java:208)
	at org.springframework.beans.factory.support.DefaultListableBeanFactory.preInstantiateSingletons(DefaultListableBeanFactory.java:944)
	at org.springframework.context.support.AbstractApplicationContext.finishBeanFactoryInitialization(AbstractApplicationContext.java:918)
	at org.springframework.context.support.AbstractApplicationContext.refresh(AbstractApplicationContext.java:583)
	at org.springframework.boot.web.servlet.context.ServletWebServerApplicationContext.refresh(ServletWebServerApplicationContext.java:144)
	at org.springframework.boot.SpringApplication.refresh(SpringApplication.java:782)
	at org.springframework.boot.SpringApplication.refresh(SpringApplication.java:774)
	at org.springframework.boot.SpringApplication.refreshContext(SpringApplication.java:439)
	at org.springframework.boot.SpringApplication.run(SpringApplication.java:339)
	at org.springframework.boot.SpringApplication.run(SpringApplication.java:1340)
	at org.springframework.boot.SpringApplication.run(SpringApplication.java:1329)
	at com.example.board.BoardApplication.main(BoardApplication.java:14)
	at java.base/jdk.internal.reflect.NativeMethodAccessorImpl.invoke0(Native Method)
	at java.base/jdk.internal.reflect.NativeMethodAccessorImpl.invoke(NativeMethodAccessorImpl.java:62)
	at java.base/jdk.internal.reflect.DelegatingMethodAccessorImpl.invoke(DelegatingMethodAccessorImpl.java:43)
	at java.base/java.lang.reflect.Method.invoke(Method.java:566)
	at org.springframework.boot.devtools.restart.RestartLauncher.run(RestartLauncher.java:49)
Caused by: org.springframework.beans.BeanInstantiationException: Failed to instantiate [org.quartz.Trigger]: Factory method 'trigger' threw exception; nested exception is java.lang.RuntimeException: CronExpression '0 * * * * *' is invalid.
	at org.springframework.beans.factory.support.SimpleInstantiationStrategy.instantiate(SimpleInstantiationStrategy.java:185)
	at org.springframework.beans.factory.support.ConstructorResolver.instantiate(ConstructorResolver.java:653)
	... 25 common frames omitted
Caused by: java.lang.RuntimeException: CronExpression '0 * * * * *' is invalid.
	at org.quartz.CronScheduleBuilder.cronSchedule(CronScheduleBuilder.java:111)
	at com.example.board.scheduler.TestJob.trigger(TestJob.java:41)
	at com.example.board.scheduler.TestJob$$EnhancerBySpringCGLIB$$48bb945b.CGLIB$trigger$1(<generated>)
	at com.example.board.scheduler.TestJob$$EnhancerBySpringCGLIB$$48bb945b$$FastClassBySpringCGLIB$$db05b986.invoke(<generated>)
	at org.springframework.cglib.proxy.MethodProxy.invokeSuper(MethodProxy.java:244)
	at org.springframework.context.annotation.ConfigurationClassEnhancer$BeanMethodInterceptor.intercept(ConfigurationClassEnhancer.java:331)
	at com.example.board.scheduler.TestJob$$EnhancerBySpringCGLIB$$48bb945b.trigger(<generated>)
	at java.base/jdk.internal.reflect.NativeMethodAccessorImpl.invoke0(Native Method)
	at java.base/jdk.internal.reflect.NativeMethodAccessorImpl.invoke(NativeMethodAccessorImpl.java:62)
	at java.base/jdk.internal.reflect.DelegatingMethodAccessorImpl.invoke(DelegatingMethodAccessorImpl.java:43)
	at java.base/java.lang.reflect.Method.invoke(Method.java:566)
	at org.springframework.beans.factory.support.SimpleInstantiationStrategy.instantiate(SimpleInstantiationStrategy.java:154)
	... 26 common frames omitted
Caused by: java.text.ParseException: Support for specifying both a day-of-week AND a day-of-month parameter is not implemented.
	at org.quartz.CronExpression.buildExpression(CronExpression.java:511)
	at org.quartz.CronExpression.<init>(CronExpression.java:276)
	at org.quartz.CronScheduleBuilder.cronSchedule(CronScheduleBuilder.java:107)
	... 37 common frames omitted
2021-05-03 18:43:39.575 [restartedMain] INFO  c.e.b.BoardApplication - Starting BoardApplication using Java 11.0.2 on jangdonghyeon-ui-MacBookPro.local with PID 70817 (/Users/jdh/Desktop/board/build/classes/java/main started by jdh in /Users/jdh/Desktop/board)
2021-05-03 18:43:39.575 [background-preinit] INFO  o.h.v.i.u.Version - HV000001: Hibernate Validator 6.1.7.Final
2021-05-03 18:43:39.577 [restartedMain] INFO  c.e.b.BoardApplication - No active profile set, falling back to default profiles: default
2021-05-03 18:43:39.601 [restartedMain] INFO  o.s.b.d.e.DevToolsPropertyDefaultsPostProcessor - Devtools property defaults active! Set 'spring.devtools.add-properties' to 'false' to disable
2021-05-03 18:43:39.601 [restartedMain] INFO  o.s.b.d.e.DevToolsPropertyDefaultsPostProcessor - For additional web related logging consider setting the 'logging.level.web' property to 'DEBUG'
2021-05-03 18:43:40.308 [restartedMain] INFO  o.s.b.w.e.t.TomcatWebServer - Tomcat initialized with port(s): 8080 (http)
2021-05-03 18:43:40.314 [restartedMain] INFO  o.a.c.h.Http11NioProtocol - Initializing ProtocolHandler ["http-nio-8080"]
2021-05-03 18:43:40.314 [restartedMain] INFO  o.a.c.c.StandardService - Starting service [Tomcat]
2021-05-03 18:43:40.314 [restartedMain] INFO  o.a.c.c.StandardEngine - Starting Servlet engine: [Apache Tomcat/9.0.45]
2021-05-03 18:43:40.430 [restartedMain] INFO  o.a.j.s.TldScanner - At least one JAR was scanned for TLDs yet contained no TLDs. Enable debug logging for this logger for a complete list of JARs that were scanned but no TLDs were found in them. Skipping unneeded JARs during scanning can improve startup time and JSP compilation time.
2021-05-03 18:43:40.435 [restartedMain] INFO  o.a.c.c.C.[.[.[/] - Initializing Spring embedded WebApplicationContext
2021-05-03 18:43:40.435 [restartedMain] INFO  o.s.b.w.s.c.ServletWebServerApplicationContext - Root WebApplicationContext: initialization completed in 833 ms
2021-05-03 18:43:40.729 [restartedMain] INFO  o.s.s.c.ThreadPoolTaskExecutor - Initializing ExecutorService 'applicationTaskExecutor'
2021-05-03 18:43:40.736 [restartedMain] DEBUG o.s.w.s.m.m.a.RequestMappingHandlerAdapter - ControllerAdvice beans: 0 @ModelAttribute, 0 @InitBinder, 1 RequestBodyAdvice, 1 ResponseBodyAdvice
2021-05-03 18:43:40.780 [restartedMain] DEBUG o.s.w.s.m.m.a.RequestMappingHandlerMapping - 13 mappings in 'requestMappingHandlerMapping'
2021-05-03 18:43:40.805 [restartedMain] DEBUG o.s.w.s.h.SimpleUrlHandlerMapping - Patterns [/webjars/**, /**] in 'resourceHandlerMapping'
2021-05-03 18:43:40.813 [restartedMain] DEBUG o.s.w.s.m.m.a.ExceptionHandlerExceptionResolver - ControllerAdvice beans: 0 @ExceptionHandler, 1 ResponseBodyAdvice
2021-05-03 18:43:40.882 [restartedMain] INFO  o.q.i.StdSchedulerFactory - Using default implementation for ThreadExecutor
2021-05-03 18:43:40.887 [restartedMain] INFO  o.q.c.SchedulerSignalerImpl - Initialized Scheduler Signaller of type: class org.quartz.core.SchedulerSignalerImpl
2021-05-03 18:43:40.888 [restartedMain] INFO  o.q.c.QuartzScheduler - Quartz Scheduler v.2.3.2 created.
2021-05-03 18:43:40.888 [restartedMain] INFO  o.q.s.RAMJobStore - RAMJobStore initialized.
2021-05-03 18:43:40.888 [restartedMain] INFO  o.q.c.QuartzScheduler - Scheduler meta-data: Quartz Scheduler (v2.3.2) 'quartzScheduler' with instanceId 'NON_CLUSTERED'
  Scheduler class: 'org.quartz.core.QuartzScheduler' - running locally.
  NOT STARTED.
  Currently in standby mode.
  Number of jobs executed: 0
  Using thread pool 'org.quartz.simpl.SimpleThreadPool' - with 10 threads.
  Using job-store 'org.quartz.simpl.RAMJobStore' - which does not support persistence. and is not clustered.

2021-05-03 18:43:40.889 [restartedMain] INFO  o.q.i.StdSchedulerFactory - Quartz scheduler 'quartzScheduler' initialized from an externally provided properties instance.
2021-05-03 18:43:40.889 [restartedMain] INFO  o.q.i.StdSchedulerFactory - Quartz scheduler version: 2.3.2
2021-05-03 18:43:40.889 [restartedMain] INFO  o.q.c.QuartzScheduler - JobFactory set to: org.springframework.scheduling.quartz.SpringBeanJobFactory@3a0bc4ba
2021-05-03 18:43:40.917 [restartedMain] INFO  o.s.b.d.a.OptionalLiveReloadServer - LiveReload server is running on port 35729
2021-05-03 18:43:40.935 [restartedMain] INFO  o.a.c.h.Http11NioProtocol - Starting ProtocolHandler ["http-nio-8080"]
2021-05-03 18:43:40.959 [restartedMain] INFO  o.s.b.w.e.t.TomcatWebServer - Tomcat started on port(s): 8080 (http) with context path ''
2021-05-03 18:43:40.960 [restartedMain] INFO  o.s.s.q.SchedulerFactoryBean - Starting Quartz Scheduler now
2021-05-03 18:43:40.960 [restartedMain] INFO  o.q.c.QuartzScheduler - Scheduler quartzScheduler_$_NON_CLUSTERED started.
2021-05-03 18:43:40.970 [restartedMain] INFO  c.e.b.BoardApplication - Started BoardApplication in 1.65 seconds (JVM running for 7.172)
2021-05-03 18:44:00.010 [quartzScheduler_Worker-1] INFO  c.e.b.s.TestJob - 스케줄에 따라 동작할 Job
2021-05-03 18:44:29.743 [SpringContextShutdownHook] INFO  o.q.c.QuartzScheduler - Scheduler quartzScheduler_$_NON_CLUSTERED paused.
2021-05-03 18:44:29.761 [SpringContextShutdownHook] INFO  o.s.s.q.SchedulerFactoryBean - Shutting down Quartz Scheduler
2021-05-03 18:44:29.761 [SpringContextShutdownHook] INFO  o.q.c.QuartzScheduler - Scheduler quartzScheduler_$_NON_CLUSTERED shutting down.
2021-05-03 18:44:29.761 [SpringContextShutdownHook] INFO  o.q.c.QuartzScheduler - Scheduler quartzScheduler_$_NON_CLUSTERED paused.
2021-05-03 18:44:29.761 [SpringContextShutdownHook] INFO  o.q.c.QuartzScheduler - Scheduler quartzScheduler_$_NON_CLUSTERED shutdown complete.
2021-05-03 18:44:29.762 [SpringContextShutdownHook] INFO  o.s.s.c.ThreadPoolTaskExecutor - Shutting down ExecutorService 'applicationTaskExecutor'
2021-05-03 18:44:36.987 [background-preinit] INFO  o.h.v.i.u.Version - HV000001: Hibernate Validator 6.1.7.Final
2021-05-03 18:44:36.986 [restartedMain] INFO  c.e.b.BoardApplication - Starting BoardApplication using Java 11.0.2 on jangdonghyeon-ui-MacBookPro.local with PID 70827 (/Users/jdh/Desktop/board/build/classes/java/main started by jdh in /Users/jdh/Desktop/board)
2021-05-03 18:44:36.989 [restartedMain] INFO  c.e.b.BoardApplication - No active profile set, falling back to default profiles: default
2021-05-03 18:44:37.028 [restartedMain] INFO  o.s.b.d.e.DevToolsPropertyDefaultsPostProcessor - Devtools property defaults active! Set 'spring.devtools.add-properties' to 'false' to disable
2021-05-03 18:44:37.029 [restartedMain] INFO  o.s.b.d.e.DevToolsPropertyDefaultsPostProcessor - For additional web related logging consider setting the 'logging.level.web' property to 'DEBUG'
2021-05-03 18:44:37.781 [restartedMain] INFO  o.s.b.w.e.t.TomcatWebServer - Tomcat initialized with port(s): 8080 (http)
2021-05-03 18:44:37.786 [restartedMain] INFO  o.a.c.h.Http11NioProtocol - Initializing ProtocolHandler ["http-nio-8080"]
2021-05-03 18:44:37.787 [restartedMain] INFO  o.a.c.c.StandardService - Starting service [Tomcat]
2021-05-03 18:44:37.787 [restartedMain] INFO  o.a.c.c.StandardEngine - Starting Servlet engine: [Apache Tomcat/9.0.45]
2021-05-03 18:44:37.902 [restartedMain] INFO  o.a.j.s.TldScanner - At least one JAR was scanned for TLDs yet contained no TLDs. Enable debug logging for this logger for a complete list of JARs that were scanned but no TLDs were found in them. Skipping unneeded JARs during scanning can improve startup time and JSP compilation time.
2021-05-03 18:44:37.907 [restartedMain] INFO  o.a.c.c.C.[.[.[/] - Initializing Spring embedded WebApplicationContext
2021-05-03 18:44:37.907 [restartedMain] INFO  o.s.b.w.s.c.ServletWebServerApplicationContext - Root WebApplicationContext: initialization completed in 878 ms
2021-05-03 18:44:38.212 [restartedMain] INFO  o.s.s.c.ThreadPoolTaskExecutor - Initializing ExecutorService 'applicationTaskExecutor'
2021-05-03 18:44:38.219 [restartedMain] DEBUG o.s.w.s.m.m.a.RequestMappingHandlerAdapter - ControllerAdvice beans: 0 @ModelAttribute, 0 @InitBinder, 1 RequestBodyAdvice, 1 ResponseBodyAdvice
2021-05-03 18:44:38.257 [restartedMain] DEBUG o.s.w.s.m.m.a.RequestMappingHandlerMapping - 13 mappings in 'requestMappingHandlerMapping'
2021-05-03 18:44:38.279 [restartedMain] DEBUG o.s.w.s.h.SimpleUrlHandlerMapping - Patterns [/webjars/**, /**] in 'resourceHandlerMapping'
2021-05-03 18:44:38.286 [restartedMain] DEBUG o.s.w.s.m.m.a.ExceptionHandlerExceptionResolver - ControllerAdvice beans: 0 @ExceptionHandler, 1 ResponseBodyAdvice
2021-05-03 18:44:38.349 [restartedMain] INFO  o.q.i.StdSchedulerFactory - Using default implementation for ThreadExecutor
2021-05-03 18:44:38.355 [restartedMain] INFO  o.q.c.SchedulerSignalerImpl - Initialized Scheduler Signaller of type: class org.quartz.core.SchedulerSignalerImpl
2021-05-03 18:44:38.355 [restartedMain] INFO  o.q.c.QuartzScheduler - Quartz Scheduler v.2.3.2 created.
2021-05-03 18:44:38.355 [restartedMain] INFO  o.q.s.RAMJobStore - RAMJobStore initialized.
2021-05-03 18:44:38.355 [restartedMain] INFO  o.q.c.QuartzScheduler - Scheduler meta-data: Quartz Scheduler (v2.3.2) 'quartzScheduler' with instanceId 'NON_CLUSTERED'
  Scheduler class: 'org.quartz.core.QuartzScheduler' - running locally.
  NOT STARTED.
  Currently in standby mode.
  Number of jobs executed: 0
  Using thread pool 'org.quartz.simpl.SimpleThreadPool' - with 10 threads.
  Using job-store 'org.quartz.simpl.RAMJobStore' - which does not support persistence. and is not clustered.

2021-05-03 18:44:38.356 [restartedMain] INFO  o.q.i.StdSchedulerFactory - Quartz scheduler 'quartzScheduler' initialized from an externally provided properties instance.
2021-05-03 18:44:38.356 [restartedMain] INFO  o.q.i.StdSchedulerFactory - Quartz scheduler version: 2.3.2
2021-05-03 18:44:38.356 [restartedMain] INFO  o.q.c.QuartzScheduler - JobFactory set to: org.springframework.scheduling.quartz.SpringBeanJobFactory@227e6c7b
2021-05-03 18:44:38.380 [restartedMain] INFO  o.s.b.d.a.OptionalLiveReloadServer - LiveReload server is running on port 35729
2021-05-03 18:44:38.395 [restartedMain] INFO  o.a.c.h.Http11NioProtocol - Starting ProtocolHandler ["http-nio-8080"]
2021-05-03 18:44:38.415 [restartedMain] INFO  o.s.b.w.e.t.TomcatWebServer - Tomcat started on port(s): 8080 (http) with context path ''
2021-05-03 18:44:38.416 [restartedMain] INFO  o.s.s.q.SchedulerFactoryBean - Starting Quartz Scheduler now
2021-05-03 18:44:38.416 [restartedMain] INFO  o.q.c.QuartzScheduler - Scheduler quartzScheduler_$_NON_CLUSTERED started.
2021-05-03 18:44:38.426 [restartedMain] INFO  c.e.b.BoardApplication - Started BoardApplication in 1.705 seconds (JVM running for 7.255)
2021-05-03 18:44:40.012 [quartzScheduler_Worker-1] INFO  c.e.b.s.TestJob - 스케줄에 따라 동작할 Job
2021-05-03 18:44:50.007 [quartzScheduler_Worker-2] INFO  c.e.b.s.TestJob - 스케줄에 따라 동작할 Job
2021-05-03 18:44:54.317 [SpringContextShutdownHook] INFO  o.q.c.QuartzScheduler - Scheduler quartzScheduler_$_NON_CLUSTERED paused.
2021-05-03 18:44:54.336 [SpringContextShutdownHook] INFO  o.s.s.q.SchedulerFactoryBean - Shutting down Quartz Scheduler
2021-05-03 18:44:54.336 [SpringContextShutdownHook] INFO  o.q.c.QuartzScheduler - Scheduler quartzScheduler_$_NON_CLUSTERED shutting down.
2021-05-03 18:44:54.336 [SpringContextShutdownHook] INFO  o.q.c.QuartzScheduler - Scheduler quartzScheduler_$_NON_CLUSTERED paused.
2021-05-03 18:44:54.337 [SpringContextShutdownHook] INFO  o.q.c.QuartzScheduler - Scheduler quartzScheduler_$_NON_CLUSTERED shutdown complete.
2021-05-03 18:44:54.337 [SpringContextShutdownHook] INFO  o.s.s.c.ThreadPoolTaskExecutor - Shutting down ExecutorService 'applicationTaskExecutor'
2021-05-03 18:58:25.945 [restartedMain] INFO  c.e.b.BoardApplication - Starting BoardApplication using Java 11.0.2 on jangdonghyeon-ui-MacBookPro.local with PID 70883 (/Users/jdh/Desktop/board/build/classes/java/main started by jdh in /Users/jdh/Desktop/board)
2021-05-03 18:58:25.946 [background-preinit] INFO  o.h.v.i.u.Version - HV000001: Hibernate Validator 6.1.7.Final
2021-05-03 18:58:25.947 [restartedMain] INFO  c.e.b.BoardApplication - No active profile set, falling back to default profiles: default
2021-05-03 18:58:25.972 [restartedMain] INFO  o.s.b.d.e.DevToolsPropertyDefaultsPostProcessor - Devtools property defaults active! Set 'spring.devtools.add-properties' to 'false' to disable
2021-05-03 18:58:25.973 [restartedMain] INFO  o.s.b.d.e.DevToolsPropertyDefaultsPostProcessor - For additional web related logging consider setting the 'logging.level.web' property to 'DEBUG'
2021-05-03 18:58:26.638 [restartedMain] INFO  o.s.b.w.e.t.TomcatWebServer - Tomcat initialized with port(s): 8080 (http)
2021-05-03 18:58:26.643 [restartedMain] INFO  o.a.c.h.Http11NioProtocol - Initializing ProtocolHandler ["http-nio-8080"]
2021-05-03 18:58:26.643 [restartedMain] INFO  o.a.c.c.StandardService - Starting service [Tomcat]
2021-05-03 18:58:26.643 [restartedMain] INFO  o.a.c.c.StandardEngine - Starting Servlet engine: [Apache Tomcat/9.0.45]
2021-05-03 18:58:26.754 [restartedMain] INFO  o.a.j.s.TldScanner - At least one JAR was scanned for TLDs yet contained no TLDs. Enable debug logging for this logger for a complete list of JARs that were scanned but no TLDs were found in them. Skipping unneeded JARs during scanning can improve startup time and JSP compilation time.
2021-05-03 18:58:26.758 [restartedMain] INFO  o.a.c.c.C.[.[.[/] - Initializing Spring embedded WebApplicationContext
2021-05-03 18:58:26.759 [restartedMain] INFO  o.s.b.w.s.c.ServletWebServerApplicationContext - Root WebApplicationContext: initialization completed in 786 ms
2021-05-03 18:58:27.046 [restartedMain] INFO  o.s.s.c.ThreadPoolTaskExecutor - Initializing ExecutorService 'applicationTaskExecutor'
2021-05-03 18:58:27.053 [restartedMain] DEBUG o.s.w.s.m.m.a.RequestMappingHandlerAdapter - ControllerAdvice beans: 0 @ModelAttribute, 0 @InitBinder, 1 RequestBodyAdvice, 1 ResponseBodyAdvice
2021-05-03 18:58:27.089 [restartedMain] DEBUG o.s.w.s.m.m.a.RequestMappingHandlerMapping - 13 mappings in 'requestMappingHandlerMapping'
2021-05-03 18:58:27.111 [restartedMain] DEBUG o.s.w.s.h.SimpleUrlHandlerMapping - Patterns [/webjars/**, /**] in 'resourceHandlerMapping'
2021-05-03 18:58:27.117 [restartedMain] DEBUG o.s.w.s.m.m.a.ExceptionHandlerExceptionResolver - ControllerAdvice beans: 0 @ExceptionHandler, 1 ResponseBodyAdvice
2021-05-03 18:58:27.176 [restartedMain] INFO  o.q.i.StdSchedulerFactory - Using default implementation for ThreadExecutor
2021-05-03 18:58:27.182 [restartedMain] INFO  o.q.c.SchedulerSignalerImpl - Initialized Scheduler Signaller of type: class org.quartz.core.SchedulerSignalerImpl
2021-05-03 18:58:27.182 [restartedMain] INFO  o.q.c.QuartzScheduler - Quartz Scheduler v.2.3.2 created.
2021-05-03 18:58:27.182 [restartedMain] INFO  o.q.s.RAMJobStore - RAMJobStore initialized.
2021-05-03 18:58:27.183 [restartedMain] INFO  o.q.c.QuartzScheduler - Scheduler meta-data: Quartz Scheduler (v2.3.2) 'quartzScheduler' with instanceId 'NON_CLUSTERED'
  Scheduler class: 'org.quartz.core.QuartzScheduler' - running locally.
  NOT STARTED.
  Currently in standby mode.
  Number of jobs executed: 0
  Using thread pool 'org.quartz.simpl.SimpleThreadPool' - with 10 threads.
  Using job-store 'org.quartz.simpl.RAMJobStore' - which does not support persistence. and is not clustered.

2021-05-03 18:58:27.183 [restartedMain] INFO  o.q.i.StdSchedulerFactory - Quartz scheduler 'quartzScheduler' initialized from an externally provided properties instance.
2021-05-03 18:58:27.183 [restartedMain] INFO  o.q.i.StdSchedulerFactory - Quartz scheduler version: 2.3.2
2021-05-03 18:58:27.183 [restartedMain] INFO  o.q.c.QuartzScheduler - JobFactory set to: org.springframework.scheduling.quartz.SpringBeanJobFactory@1c710f05
2021-05-03 18:58:27.183 [restartedMain] INFO  o.q.c.QuartzScheduler - Scheduler quartzScheduler_$_NON_CLUSTERED shutting down.
2021-05-03 18:58:27.183 [restartedMain] INFO  o.q.c.QuartzScheduler - Scheduler quartzScheduler_$_NON_CLUSTERED paused.
2021-05-03 18:58:27.681 [restartedMain] INFO  o.q.c.QuartzScheduler - Scheduler quartzScheduler_$_NON_CLUSTERED shutdown complete.
2021-05-03 18:58:27.683 [restartedMain] WARN  o.s.b.w.s.c.AnnotationConfigServletWebServerApplicationContext - Exception encountered during context initialization - cancelling refresh attempt: org.springframework.beans.factory.BeanCreationException: Error creating bean with name 'quartzScheduler' defined in class path resource [org/springframework/boot/autoconfigure/quartz/QuartzAutoConfiguration.class]: Invocation of init method failed; nested exception is org.quartz.SchedulerException: Trigger's related Job's name cannot be null
2021-05-03 18:58:27.684 [restartedMain] INFO  o.s.s.c.ThreadPoolTaskExecutor - Shutting down ExecutorService 'applicationTaskExecutor'
2021-05-03 18:58:27.687 [restartedMain] INFO  o.a.c.c.StandardService - Stopping service [Tomcat]
2021-05-03 18:58:27.698 [restartedMain] INFO  o.s.b.a.l.ConditionEvaluationReportLoggingListener - 

Error starting ApplicationContext. To display the conditions report re-run your application with 'debug' enabled.
2021-05-03 18:58:27.712 [restartedMain] ERROR o.s.b.SpringApplication - Application run failed
org.springframework.beans.factory.BeanCreationException: Error creating bean with name 'quartzScheduler' defined in class path resource [org/springframework/boot/autoconfigure/quartz/QuartzAutoConfiguration.class]: Invocation of init method failed; nested exception is org.quartz.SchedulerException: Trigger's related Job's name cannot be null
	at org.springframework.beans.factory.support.AbstractAutowireCapableBeanFactory.initializeBean(AbstractAutowireCapableBeanFactory.java:1786)
	at org.springframework.beans.factory.support.AbstractAutowireCapableBeanFactory.doCreateBean(AbstractAutowireCapableBeanFactory.java:602)
	at org.springframework.beans.factory.support.AbstractAutowireCapableBeanFactory.createBean(AbstractAutowireCapableBeanFactory.java:524)
	at org.springframework.beans.factory.support.AbstractBeanFactory.lambda$doGetBean$0(AbstractBeanFactory.java:335)
	at org.springframework.beans.factory.support.DefaultSingletonBeanRegistry.getSingleton(DefaultSingletonBeanRegistry.java:234)
	at org.springframework.beans.factory.support.AbstractBeanFactory.doGetBean(AbstractBeanFactory.java:333)
	at org.springframework.beans.factory.support.AbstractBeanFactory.getBean(AbstractBeanFactory.java:208)
	at org.springframework.beans.factory.support.DefaultListableBeanFactory.preInstantiateSingletons(DefaultListableBeanFactory.java:925)
	at org.springframework.context.support.AbstractApplicationContext.finishBeanFactoryInitialization(AbstractApplicationContext.java:918)
	at org.springframework.context.support.AbstractApplicationContext.refresh(AbstractApplicationContext.java:583)
	at org.springframework.boot.web.servlet.context.ServletWebServerApplicationContext.refresh(ServletWebServerApplicationContext.java:144)
	at org.springframework.boot.SpringApplication.refresh(SpringApplication.java:782)
	at org.springframework.boot.SpringApplication.refresh(SpringApplication.java:774)
	at org.springframework.boot.SpringApplication.refreshContext(SpringApplication.java:439)
	at org.springframework.boot.SpringApplication.run(SpringApplication.java:339)
	at org.springframework.boot.SpringApplication.run(SpringApplication.java:1340)
	at org.springframework.boot.SpringApplication.run(SpringApplication.java:1329)
	at com.example.board.BoardApplication.main(BoardApplication.java:14)
	at java.base/jdk.internal.reflect.NativeMethodAccessorImpl.invoke0(Native Method)
	at java.base/jdk.internal.reflect.NativeMethodAccessorImpl.invoke(NativeMethodAccessorImpl.java:62)
	at java.base/jdk.internal.reflect.DelegatingMethodAccessorImpl.invoke(DelegatingMethodAccessorImpl.java:43)
	at java.base/java.lang.reflect.Method.invoke(Method.java:566)
	at org.springframework.boot.devtools.restart.RestartLauncher.run(RestartLauncher.java:49)
Caused by: org.quartz.SchedulerException: Trigger's related Job's name cannot be null
	at org.quartz.impl.triggers.AbstractTrigger.validate(AbstractTrigger.java:763)
	at org.quartz.core.QuartzScheduler.scheduleJob(QuartzScheduler.java:884)
	at org.quartz.impl.StdScheduler.scheduleJob(StdScheduler.java:258)
	at org.springframework.scheduling.quartz.SchedulerAccessor.addTriggerToScheduler(SchedulerAccessor.java:330)
	at org.springframework.scheduling.quartz.SchedulerAccessor.registerJobsAndTriggers(SchedulerAccessor.java:244)
	at org.springframework.scheduling.quartz.SchedulerFactoryBean.afterPropertiesSet(SchedulerFactoryBean.java:505)
	at org.springframework.beans.factory.support.AbstractAutowireCapableBeanFactory.invokeInitMethods(AbstractAutowireCapableBeanFactory.java:1845)
	at org.springframework.beans.factory.support.AbstractAutowireCapableBeanFactory.initializeBean(AbstractAutowireCapableBeanFactory.java:1782)
	... 22 common frames omitted
2021-05-03 18:59:24.326 [restartedMain] INFO  c.e.b.BoardApplication - Starting BoardApplication using Java 11.0.2 on jangdonghyeon-ui-MacBookPro.local with PID 70895 (/Users/jdh/Desktop/board/build/classes/java/main started by jdh in /Users/jdh/Desktop/board)
2021-05-03 18:59:24.326 [background-preinit] INFO  o.h.v.i.u.Version - HV000001: Hibernate Validator 6.1.7.Final
2021-05-03 18:59:24.328 [restartedMain] INFO  c.e.b.BoardApplication - No active profile set, falling back to default profiles: default
2021-05-03 18:59:24.352 [restartedMain] INFO  o.s.b.d.e.DevToolsPropertyDefaultsPostProcessor - Devtools property defaults active! Set 'spring.devtools.add-properties' to 'false' to disable
2021-05-03 18:59:24.352 [restartedMain] INFO  o.s.b.d.e.DevToolsPropertyDefaultsPostProcessor - For additional web related logging consider setting the 'logging.level.web' property to 'DEBUG'
2021-05-03 18:59:24.981 [restartedMain] INFO  o.s.b.w.e.t.TomcatWebServer - Tomcat initialized with port(s): 8080 (http)
2021-05-03 18:59:24.986 [restartedMain] INFO  o.a.c.h.Http11NioProtocol - Initializing ProtocolHandler ["http-nio-8080"]
2021-05-03 18:59:24.986 [restartedMain] INFO  o.a.c.c.StandardService - Starting service [Tomcat]
2021-05-03 18:59:24.986 [restartedMain] INFO  o.a.c.c.StandardEngine - Starting Servlet engine: [Apache Tomcat/9.0.45]
2021-05-03 18:59:25.105 [restartedMain] INFO  o.a.j.s.TldScanner - At least one JAR was scanned for TLDs yet contained no TLDs. Enable debug logging for this logger for a complete list of JARs that were scanned but no TLDs were found in them. Skipping unneeded JARs during scanning can improve startup time and JSP compilation time.
2021-05-03 18:59:25.110 [restartedMain] INFO  o.a.c.c.C.[.[.[/] - Initializing Spring embedded WebApplicationContext
2021-05-03 18:59:25.111 [restartedMain] INFO  o.s.b.w.s.c.ServletWebServerApplicationContext - Root WebApplicationContext: initialization completed in 759 ms
2021-05-03 18:59:25.410 [restartedMain] INFO  o.s.s.c.ThreadPoolTaskExecutor - Initializing ExecutorService 'applicationTaskExecutor'
2021-05-03 18:59:25.417 [restartedMain] DEBUG o.s.w.s.m.m.a.RequestMappingHandlerAdapter - ControllerAdvice beans: 0 @ModelAttribute, 0 @InitBinder, 1 RequestBodyAdvice, 1 ResponseBodyAdvice
2021-05-03 18:59:25.453 [restartedMain] DEBUG o.s.w.s.m.m.a.RequestMappingHandlerMapping - 13 mappings in 'requestMappingHandlerMapping'
2021-05-03 18:59:25.474 [restartedMain] DEBUG o.s.w.s.h.SimpleUrlHandlerMapping - Patterns [/webjars/**, /**] in 'resourceHandlerMapping'
2021-05-03 18:59:25.481 [restartedMain] DEBUG o.s.w.s.m.m.a.ExceptionHandlerExceptionResolver - ControllerAdvice beans: 0 @ExceptionHandler, 1 ResponseBodyAdvice
2021-05-03 18:59:25.535 [restartedMain] INFO  o.q.i.StdSchedulerFactory - Using default implementation for ThreadExecutor
2021-05-03 18:59:25.541 [restartedMain] INFO  o.q.c.SchedulerSignalerImpl - Initialized Scheduler Signaller of type: class org.quartz.core.SchedulerSignalerImpl
2021-05-03 18:59:25.541 [restartedMain] INFO  o.q.c.QuartzScheduler - Quartz Scheduler v.2.3.2 created.
2021-05-03 18:59:25.541 [restartedMain] INFO  o.q.s.RAMJobStore - RAMJobStore initialized.
2021-05-03 18:59:25.541 [restartedMain] INFO  o.q.c.QuartzScheduler - Scheduler meta-data: Quartz Scheduler (v2.3.2) 'quartzScheduler' with instanceId 'NON_CLUSTERED'
  Scheduler class: 'org.quartz.core.QuartzScheduler' - running locally.
  NOT STARTED.
  Currently in standby mode.
  Number of jobs executed: 0
  Using thread pool 'org.quartz.simpl.SimpleThreadPool' - with 10 threads.
  Using job-store 'org.quartz.simpl.RAMJobStore' - which does not support persistence. and is not clustered.

2021-05-03 18:59:25.542 [restartedMain] INFO  o.q.i.StdSchedulerFactory - Quartz scheduler 'quartzScheduler' initialized from an externally provided properties instance.
2021-05-03 18:59:25.542 [restartedMain] INFO  o.q.i.StdSchedulerFactory - Quartz scheduler version: 2.3.2
2021-05-03 18:59:25.542 [restartedMain] INFO  o.q.c.QuartzScheduler - JobFactory set to: org.springframework.scheduling.quartz.SpringBeanJobFactory@7ba80e06
2021-05-03 18:59:25.567 [restartedMain] INFO  o.s.b.d.a.OptionalLiveReloadServer - LiveReload server is running on port 35729
2021-05-03 18:59:25.579 [restartedMain] INFO  o.a.c.h.Http11NioProtocol - Starting ProtocolHandler ["http-nio-8080"]
2021-05-03 18:59:25.606 [restartedMain] INFO  o.s.b.w.e.t.TomcatWebServer - Tomcat started on port(s): 8080 (http) with context path ''
2021-05-03 18:59:25.607 [restartedMain] INFO  o.s.s.q.SchedulerFactoryBean - Starting Quartz Scheduler now
2021-05-03 18:59:25.607 [restartedMain] INFO  o.q.c.QuartzScheduler - Scheduler quartzScheduler_$_NON_CLUSTERED started.
2021-05-03 18:59:25.616 [restartedMain] INFO  c.e.b.BoardApplication - Started BoardApplication in 1.526 seconds (JVM running for 7.023)
2021-05-03 18:59:29.789 [SpringContextShutdownHook] INFO  o.q.c.QuartzScheduler - Scheduler quartzScheduler_$_NON_CLUSTERED paused.
2021-05-03 18:59:29.808 [SpringContextShutdownHook] INFO  o.s.s.q.SchedulerFactoryBean - Shutting down Quartz Scheduler
2021-05-03 18:59:29.808 [SpringContextShutdownHook] INFO  o.q.c.QuartzScheduler - Scheduler quartzScheduler_$_NON_CLUSTERED shutting down.
2021-05-03 18:59:29.808 [SpringContextShutdownHook] INFO  o.q.c.QuartzScheduler - Scheduler quartzScheduler_$_NON_CLUSTERED paused.
2021-05-03 18:59:29.808 [SpringContextShutdownHook] INFO  o.q.c.QuartzScheduler - Scheduler quartzScheduler_$_NON_CLUSTERED shutdown complete.
2021-05-03 18:59:29.809 [SpringContextShutdownHook] INFO  o.s.s.c.ThreadPoolTaskExecutor - Shutting down ExecutorService 'applicationTaskExecutor'
